<?xml version="1.0" encoding="UTF-8"?>
<!-- Generated by org.testng.reporters.JUnitXMLReporter -->
<testsuite ignored="0" hostname="Somesh" failures="1" tests="1" name="Test" time="0.052" errors="0" timestamp="2026-03-14T16:13:03 IST">
  <testcase classname="CompleteFramework.seleniumweb.SubmitStandaloneTest" name="SubmitOrders" time="0.014">
    <failure type="java.io.FileNotFoundException" message="C:\Users\somes\eclipse-workspace\seleniumwebsrc\main\java\CompleteFramework\seleniumweb\resources\GlobalData.Properties (The system cannot find the path specified)">
      <![CDATA[java.io.FileNotFoundException: C:\Users\somes\eclipse-workspace\seleniumwebsrc\main\java\CompleteFramework\seleniumweb\resources\GlobalData.Properties (The system cannot find the path specified)
at java.base/java.io.FileInputStream.open0(Native Method)
at java.base/java.io.FileInputStream.open(FileInputStream.java:213)
at java.base/java.io.FileInputStream.<init>(FileInputStream.java:152)
at java.base/java.io.FileInputStream.<init>(FileInputStream.java:106)
at CompleteFramework.seleniumweb.TestComponents.BaseTest.IntializeDriver(BaseTest.java:22)
at CompleteFramework.seleniumweb.TestComponents.BaseTest.LaunchApplication(BaseTest.java:53)
at CompleteFramework.seleniumweb.SubmitStandaloneTest.SubmitOrders(SubmitStandaloneTest.java:26)
at java.base/java.util.ArrayList.forEach(ArrayList.java:1596)
... Removed 25 stack frames]]>
    </failure>
  </testcase> <!-- SubmitOrders -->
</testsuite> <!-- Test -->
