<?xml version="1.0" encoding="UTF-8"?>
<testng-results ignored="0" total="1" passed="1" failed="0" skipped="0">
  <reporter-output>
  </reporter-output>
  <suite started-at="2026-05-10T10:47:49 IST" name="Default suite" finished-at="2026-05-10T10:47:53 IST" duration-ms="4285">
    <groups>
    </groups>
    <test started-at="2026-05-10T10:47:49 IST" name="Default test" finished-at="2026-05-10T10:47:53 IST" duration-ms="4285">
      <class name="CompleteFramework.seleniumweb.ErrorValidation">
        <test-method is-config="true" signature="LaunchApplication()[pri:0, instance:CompleteFramework.seleniumweb.ErrorValidation@776aec5c]" started-at="2026-05-10T10:47:49 IST" name="LaunchApplication" finished-at="2026-05-10T10:47:52 IST" duration-ms="3654" status="PASS">
          <reporter-output>
          </reporter-output>
        </test-method> <!-- LaunchApplication -->
        <test-method signature="SubmitOrders()[pri:0, instance:CompleteFramework.seleniumweb.ErrorValidation@776aec5c]" started-at="2026-05-10T10:47:52 IST" name="SubmitOrders" finished-at="2026-05-10T10:47:53 IST" duration-ms="483" status="PASS">
          <reporter-output>
          </reporter-output>
        </test-method> <!-- SubmitOrders -->
        <test-method is-config="true" signature="Teardown()[pri:0, instance:CompleteFramework.seleniumweb.ErrorValidation@776aec5c]" started-at="2026-05-10T10:47:53 IST" name="Teardown" finished-at="2026-05-10T10:47:53 IST" duration-ms="104" status="PASS">
          <reporter-output>
          </reporter-output>
        </test-method> <!-- Teardown -->
      </class> <!-- CompleteFramework.seleniumweb.ErrorValidation -->
    </test> <!-- Default test -->
  </suite> <!-- Default suite -->
</testng-results>
